\BOOKMARK [0][-]{chapter.1}{Absorber characterization}{}% 1
\BOOKMARK [1][-]{section.1.1}{Absorber properties}{chapter.1}% 2
\BOOKMARK [1][-]{section.1.2}{Experimental set-up}{chapter.1}% 3
\BOOKMARK [1][-]{section.1.3}{Definition of the operative range}{chapter.1}% 4
\BOOKMARK [2][-]{subsection.1.3.1}{Set-up parameters}{section.1.3}% 5
\BOOKMARK [2][-]{subsection.1.3.2}{Expected efficiency}{section.1.3}% 6
\BOOKMARK [1][-]{section.1.4}{Circuit calibration with X-ray sources}{chapter.1}% 7
\BOOKMARK [2][-]{subsection.1.4.1}{Dark/Background noise}{section.1.4}% 8
\BOOKMARK [1][-]{section.1.5}{Energy resolution measurement}{chapter.1}% 9
\BOOKMARK [0][-]{chapter.2}{Scatterer characterization}{}% 10
\BOOKMARK [1][-]{section.2.1}{Scatterer properties}{chapter.2}% 11
\BOOKMARK [2][-]{subsection.2.1.1}{Intrinsic properties }{section.2.1}% 12
\BOOKMARK [2][-]{subsection.2.1.2}{Coupling with SiPMs}{section.2.1}% 13
\BOOKMARK [1][-]{section.2.2}{Study at low energy}{chapter.2}% 14
\BOOKMARK [2][-]{subsection.2.2.1}{Set-up parameters}{section.2.2}% 15
\BOOKMARK [2][-]{subsection.2.2.2}{Dark current comparison}{section.2.2}% 16
\BOOKMARK [1][-]{section.2.3}{Study at high energy}{chapter.2}% 17
\BOOKMARK [2][-]{subsection.2.3.1}{Set-up parameters}{section.2.3}% 18
\BOOKMARK [2][-]{subsection.2.3.2}{Spectra analysis}{section.2.3}% 19
\BOOKMARK [0][-]{figure.2.20}{References}{}% 20
